2018-12-19 11:24:41,308 - Log4JLogChute initialized using file 'velocity.log'
2018-12-19 11:24:41,308 - Initializing Velocity, Calling init()...
2018-12-19 11:24:41,308 - Starting Apache Velocity v1.7 (compiled: 2010-11-19 12:14:37)
2018-12-19 11:24:41,308 - Default Properties File: org/apache/velocity/runtime/defaults/velocity.properties
2018-12-19 11:24:41,308 - Trying to use logger class org.apache.velocity.runtime.log.AvalonLogChute
2018-12-19 11:24:41,308 - Target log system for org.apache.velocity.runtime.log.AvalonLogChute is not available (java.lang.NoClassDefFoundError: org/apache/log/format/Formatter).  Falling back to next log system...
2018-12-19 11:24:41,308 - Trying to use logger class org.apache.velocity.runtime.log.Log4JLogChute
2018-12-19 11:24:41,308 - Using logger class org.apache.velocity.runtime.log.Log4JLogChute
2018-12-19 11:24:41,313 - ResourceLoader instantiated: org.apache.velocity.runtime.resource.loader.FileResourceLoader
2018-12-19 11:24:41,315 - Do unicode file recognition:  false
2018-12-19 11:24:41,315 - FileResourceLoader : adding path '.'
2018-12-19 11:24:41,329 - ResourceCache: initialized (class org.apache.velocity.runtime.resource.ResourceCacheImpl) with class java.util.Collections$SynchronizedMap cache map.
2018-12-19 11:24:41,330 - Loaded System Directive: org.apache.velocity.runtime.directive.Stop
2018-12-19 11:24:41,332 - Loaded System Directive: org.apache.velocity.runtime.directive.Define
2018-12-19 11:24:41,333 - Loaded System Directive: org.apache.velocity.runtime.directive.Break
2018-12-19 11:24:41,334 - Loaded System Directive: org.apache.velocity.runtime.directive.Evaluate
2018-12-19 11:24:41,335 - Loaded System Directive: org.apache.velocity.runtime.directive.Literal
2018-12-19 11:24:41,337 - Loaded System Directive: org.apache.velocity.runtime.directive.Macro
2018-12-19 11:24:41,338 - Loaded System Directive: org.apache.velocity.runtime.directive.Parse
2018-12-19 11:24:41,340 - Loaded System Directive: org.apache.velocity.runtime.directive.Include
2018-12-19 11:24:41,341 - Loaded System Directive: org.apache.velocity.runtime.directive.Foreach
2018-12-19 11:24:41,376 - Created '20' parsers.
2018-12-19 11:24:41,384 - Velocimacro : "velocimacro.library" is not set.  Trying default library: VM_global_library.vm
2018-12-19 11:24:41,384 - Velocimacro : Default library not found.
2018-12-19 11:24:41,385 - Velocimacro : allowInline = true : VMs can be defined inline in templates
2018-12-19 11:24:41,385 - Velocimacro : allowInlineToOverride = false : VMs defined inline may NOT replace previous VM definitions
2018-12-19 11:24:41,385 - Velocimacro : allowInlineLocal = false : VMs defined inline will be global in scope if allowed.
2018-12-19 11:24:41,385 - Velocimacro : autoload off : VM system will not automatically reload global library macros
2018-12-19 11:24:41,386 - ResourceManager : unable to find resource 'helloworld.vm' in any resource loader.
2018-12-19 11:25:15,637 - Log4JLogChute initialized using file 'velocity.log'
2018-12-19 11:25:15,638 - Initializing Velocity, Calling init()...
2018-12-19 11:25:15,638 - Starting Apache Velocity v1.7 (compiled: 2010-11-19 12:14:37)
2018-12-19 11:25:15,638 - Default Properties File: org/apache/velocity/runtime/defaults/velocity.properties
2018-12-19 11:25:15,638 - Trying to use logger class org.apache.velocity.runtime.log.AvalonLogChute
2018-12-19 11:25:15,638 - Target log system for org.apache.velocity.runtime.log.AvalonLogChute is not available (java.lang.NoClassDefFoundError: org/apache/log/format/Formatter).  Falling back to next log system...
2018-12-19 11:25:15,638 - Trying to use logger class org.apache.velocity.runtime.log.Log4JLogChute
2018-12-19 11:25:15,638 - Using logger class org.apache.velocity.runtime.log.Log4JLogChute
2018-12-19 11:25:15,645 - ResourceLoader instantiated: org.apache.velocity.runtime.resource.loader.FileResourceLoader
2018-12-19 11:25:15,647 - Do unicode file recognition:  false
2018-12-19 11:25:15,647 - FileResourceLoader : adding path '.'
2018-12-19 11:25:15,661 - ResourceCache: initialized (class org.apache.velocity.runtime.resource.ResourceCacheImpl) with class java.util.Collections$SynchronizedMap cache map.
2018-12-19 11:25:15,663 - Loaded System Directive: org.apache.velocity.runtime.directive.Stop
2018-12-19 11:25:15,664 - Loaded System Directive: org.apache.velocity.runtime.directive.Define
2018-12-19 11:25:15,665 - Loaded System Directive: org.apache.velocity.runtime.directive.Break
2018-12-19 11:25:15,666 - Loaded System Directive: org.apache.velocity.runtime.directive.Evaluate
2018-12-19 11:25:15,667 - Loaded System Directive: org.apache.velocity.runtime.directive.Literal
2018-12-19 11:25:15,668 - Loaded System Directive: org.apache.velocity.runtime.directive.Macro
2018-12-19 11:25:15,670 - Loaded System Directive: org.apache.velocity.runtime.directive.Parse
2018-12-19 11:25:15,671 - Loaded System Directive: org.apache.velocity.runtime.directive.Include
2018-12-19 11:25:15,673 - Loaded System Directive: org.apache.velocity.runtime.directive.Foreach
2018-12-19 11:25:15,709 - Created '20' parsers.
2018-12-19 11:25:15,718 - Velocimacro : "velocimacro.library" is not set.  Trying default library: VM_global_library.vm
2018-12-19 11:25:15,718 - Velocimacro : Default library not found.
2018-12-19 11:25:15,718 - Velocimacro : allowInline = true : VMs can be defined inline in templates
2018-12-19 11:25:15,718 - Velocimacro : allowInlineToOverride = false : VMs defined inline may NOT replace previous VM definitions
2018-12-19 11:25:15,718 - Velocimacro : allowInlineLocal = false : VMs defined inline will be global in scope if allowed.
2018-12-19 11:25:15,718 - Velocimacro : autoload off : VM system will not automatically reload global library macros
2018-12-19 11:25:15,720 - ResourceManager : unable to find resource './helloworld.vm' in any resource loader.
2018-12-19 11:25:54,360 - Log4JLogChute initialized using file 'velocity.log'
2018-12-19 11:25:54,360 - Initializing Velocity, Calling init()...
2018-12-19 11:25:54,360 - Starting Apache Velocity v1.7 (compiled: 2010-11-19 12:14:37)
2018-12-19 11:25:54,360 - Default Properties File: org/apache/velocity/runtime/defaults/velocity.properties
2018-12-19 11:25:54,360 - Trying to use logger class org.apache.velocity.runtime.log.AvalonLogChute
2018-12-19 11:25:54,361 - Target log system for org.apache.velocity.runtime.log.AvalonLogChute is not available (java.lang.NoClassDefFoundError: org/apache/log/format/Formatter).  Falling back to next log system...
2018-12-19 11:25:54,361 - Trying to use logger class org.apache.velocity.runtime.log.Log4JLogChute
2018-12-19 11:25:54,361 - Using logger class org.apache.velocity.runtime.log.Log4JLogChute
2018-12-19 11:25:54,366 - ResourceLoader instantiated: org.apache.velocity.runtime.resource.loader.FileResourceLoader
2018-12-19 11:25:54,367 - Do unicode file recognition:  false
2018-12-19 11:25:54,367 - FileResourceLoader : adding path '.'
2018-12-19 11:25:54,378 - ResourceCache: initialized (class org.apache.velocity.runtime.resource.ResourceCacheImpl) with class java.util.Collections$SynchronizedMap cache map.
2018-12-19 11:25:54,379 - Loaded System Directive: org.apache.velocity.runtime.directive.Stop
2018-12-19 11:25:54,380 - Loaded System Directive: org.apache.velocity.runtime.directive.Define
2018-12-19 11:25:54,381 - Loaded System Directive: org.apache.velocity.runtime.directive.Break
2018-12-19 11:25:54,382 - Loaded System Directive: org.apache.velocity.runtime.directive.Evaluate
2018-12-19 11:25:54,382 - Loaded System Directive: org.apache.velocity.runtime.directive.Literal
2018-12-19 11:25:54,383 - Loaded System Directive: org.apache.velocity.runtime.directive.Macro
2018-12-19 11:25:54,384 - Loaded System Directive: org.apache.velocity.runtime.directive.Parse
2018-12-19 11:25:54,386 - Loaded System Directive: org.apache.velocity.runtime.directive.Include
2018-12-19 11:25:54,386 - Loaded System Directive: org.apache.velocity.runtime.directive.Foreach
2018-12-19 11:25:54,413 - Created '20' parsers.
2018-12-19 11:25:54,419 - Velocimacro : "velocimacro.library" is not set.  Trying default library: VM_global_library.vm
2018-12-19 11:25:54,419 - Velocimacro : Default library not found.
2018-12-19 11:25:54,419 - Velocimacro : allowInline = true : VMs can be defined inline in templates
2018-12-19 11:25:54,419 - Velocimacro : allowInlineToOverride = false : VMs defined inline may NOT replace previous VM definitions
2018-12-19 11:25:54,419 - Velocimacro : allowInlineLocal = false : VMs defined inline will be global in scope if allowed.
2018-12-19 11:25:54,419 - Velocimacro : autoload off : VM system will not automatically reload global library macros
2018-12-19 11:25:54,427 - ResourceManager : found /src/main/java/helloworld.vm with loader org.apache.velocity.runtime.resource.loader.FileResourceLoader
